\\mac\home\documents\fh\interactivemedia\1semester\gamearchitecture\x64\debug\gamesarchitecture.exe
\\mac\home\documents\fh\interactivemedia\1semester\gamearchitecture\x64\debug\gamesarchitecture.ilk
\\mac\home\documents\fh\interactivemedia\1semester\gamearchitecture\x64\debug\gamesarchitecture.pdb
\\mac\home\documents\fh\interactivemedia\1semester\gamearchitecture\firsttrial\x64\debug\gamesarchitecture.res
\\mac\home\documents\fh\interactivemedia\1semester\gamearchitecture\firsttrial\x64\debug\vc142.pdb
\\mac\home\documents\fh\interactivemedia\1semester\gamearchitecture\firsttrial\x64\debug\vc142.idb
\\mac\home\documents\fh\interactivemedia\1semester\gamearchitecture\firsttrial\x64\debug\recbuilder.obj
\\mac\home\documents\fh\interactivemedia\1semester\gamearchitecture\firsttrial\x64\debug\obstaclesystem.obj
\\mac\home\documents\fh\interactivemedia\1semester\gamearchitecture\firsttrial\x64\debug\main.obj
\\mac\home\documents\fh\interactivemedia\1semester\gamearchitecture\firsttrial\x64\debug\gridbuilder.obj
\\mac\home\documents\fh\interactivemedia\1semester\gamearchitecture\firsttrial\x64\debug\ffmoveablesystem.obj
\\mac\home\documents\fh\interactivemedia\1semester\gamearchitecture\firsttrial\x64\debug\obstacle.obj
\\mac\home\documents\fh\interactivemedia\1semester\gamearchitecture\firsttrial\x64\debug\flowfield2.obj
\\mac\home\documents\fh\interactivemedia\1semester\gamearchitecture\firsttrial\x64\debug\ffrenderer.obj
\\mac\home\documents\fh\interactivemedia\1semester\gamearchitecture\firsttrial\x64\debug\ffmoveable.obj
\\mac\home\documents\fh\interactivemedia\1semester\gamearchitecture\firsttrial\x64\debug\demostate.obj
\\mac\home\documents\fh\interactivemedia\1semester\gamearchitecture\firsttrial\x64\debug\gamesarc.8d3228df.tlog\link.read.1.tlog
\\mac\home\documents\fh\interactivemedia\1semester\gamearchitecture\firsttrial\x64\debug\gamesarc.8d3228df.tlog\link.command.1.tlog
\\mac\home\documents\fh\interactivemedia\1semester\gamearchitecture\firsttrial\x64\debug\gamesarc.8d3228df.tlog\rc.command.1.tlog
\\mac\home\documents\fh\interactivemedia\1semester\gamearchitecture\firsttrial\x64\debug\gamesarc.8d3228df.tlog\link.write.1.tlog
\\mac\home\documents\fh\interactivemedia\1semester\gamearchitecture\firsttrial\x64\debug\gamesarc.8d3228df.tlog\cl.read.1.tlog
\\mac\home\documents\fh\interactivemedia\1semester\gamearchitecture\firsttrial\x64\debug\gamesarc.8d3228df.tlog\rc.write.1.tlog
\\mac\home\documents\fh\interactivemedia\1semester\gamearchitecture\firsttrial\x64\debug\gamesarc.8d3228df.tlog\cl.command.1.tlog
\\mac\home\documents\fh\interactivemedia\1semester\gamearchitecture\firsttrial\x64\debug\gamesarc.8d3228df.tlog\rc.read.1.tlog
\\mac\home\documents\fh\interactivemedia\1semester\gamearchitecture\firsttrial\x64\debug\gamesarc.8d3228df.tlog\cl.write.1.tlog
